<?xml version="1.0" encoding="UTF-8"?>
<!-- Generated by org.testng.reporters.JUnitReportReporter -->
<testsuite hostname="LAPTOP-0OQQ3K4R" name="FinanceTrackertest.NewTest" tests="1" failures="0" timestamp="26 Feb 2022 12:00:39 GMT" time="3.999" errors="0">
  <testcase name="f" time="3.999" classname="FinanceTrackertest.NewTest"/>
</testsuite> <!-- FinanceTrackertest.NewTest -->
