<?xml version="1.0" encoding="UTF-8"?>
<!-- Generated by org.testng.reporters.JUnitReportReporter -->
<testsuite hostname="LAPTOP-0OQQ3K4R" name="FinanceTrackertest.NewTest" tests="1" failures="0" timestamp="23 Feb 2022 13:43:39 GMT" time="3.486" errors="0">
  <testcase name="f" time="3.486" classname="FinanceTrackertest.NewTest"/>
</testsuite> <!-- FinanceTrackertest.NewTest -->
