<?xml version="1.0" encoding="UTF-8"?>
<!-- Generated by org.testng.reporters.JUnitReportReporter -->
<testsuite hostname="LAPTOP-0OQQ3K4R" name="FinanceTrackertest.NewTest" tests="1" failures="0" timestamp="23 Feb 2022 11:15:50 GMT" time="2.733" errors="0">
  <testcase name="f" time="2.733" classname="FinanceTrackertest.NewTest"/>
</testsuite> <!-- FinanceTrackertest.NewTest -->
